CRITICAL - 2022-12-19 02:38:28 --> Undefined variable $desc
in APPPATH/Views/frontend/home/index.php on line 7.
 1 APPPATH/Views/frontend/home/index.php(7): CodeIgniter\Debug\Exceptions->errorHandler(2, 'Undefined variable $desc', 'APPPATH/Views/frontend/home/index.php', 7)
 2 SYSTEMPATH/View/View.php(213): include('APPPATH/Views/frontend/home/index.php')
 3 SYSTEMPATH/View/View.php(216): CodeIgniter\View\View->CodeIgniter\View\{closure}()
 4 SYSTEMPATH/Common.php(1134): CodeIgniter\View\View->render('frontend/home/index', [], true)
 5 APPPATH/Controllers/Home.php(9): view('frontend/home/index')
 6 SYSTEMPATH/CodeIgniter.php(927): App\Controllers\Home->index()
 7 SYSTEMPATH/CodeIgniter.php(482): CodeIgniter\CodeIgniter->runController(Object(App\Controllers\Home))
 8 SYSTEMPATH/CodeIgniter.php(351): CodeIgniter\CodeIgniter->handleRequest(null, Object(Config\Cache), false)
 9 FCPATH/index.php(67): CodeIgniter\CodeIgniter->run()
CRITICAL - 2022-12-19 02:41:27 --> Undefined variable $img
in APPPATH/Views/frontend/home/index.php on line 11.
 1 APPPATH/Views/frontend/home/index.php(11): CodeIgniter\Debug\Exceptions->errorHandler(2, 'Undefined variable $img', 'APPPATH/Views/frontend/home/index.php', 11)
 2 SYSTEMPATH/View/View.php(213): include('APPPATH/Views/frontend/home/index.php')
 3 SYSTEMPATH/View/View.php(216): CodeIgniter\View\View->CodeIgniter\View\{closure}()
 4 SYSTEMPATH/Common.php(1134): CodeIgniter\View\View->render('frontend/home/index', [], true)
 5 APPPATH/Controllers/Home.php(14): view('frontend/home/index', [...])
 6 SYSTEMPATH/CodeIgniter.php(927): App\Controllers\Home->index()
 7 SYSTEMPATH/CodeIgniter.php(482): CodeIgniter\CodeIgniter->runController(Object(App\Controllers\Home))
 8 SYSTEMPATH/CodeIgniter.php(351): CodeIgniter\CodeIgniter->handleRequest(null, Object(Config\Cache), false)
 9 FCPATH/index.php(67): CodeIgniter\CodeIgniter->run()
CRITICAL - 2022-12-19 02:46:34 --> Undefined variable $route
in APPPATH/Views/frontend/home/index.php on line 16.
 1 APPPATH/Views/frontend/home/index.php(16): CodeIgniter\Debug\Exceptions->errorHandler(2, 'Undefined variable $route', 'APPPATH/Views/frontend/home/index.php', 16)
 2 SYSTEMPATH/View/View.php(213): include('APPPATH/Views/frontend/home/index.php')
 3 SYSTEMPATH/View/View.php(216): CodeIgniter\View\View->CodeIgniter\View\{closure}()
 4 SYSTEMPATH/Common.php(1134): CodeIgniter\View\View->render('frontend/home/index', [], true)
 5 APPPATH/Controllers/Home.php(15): view('frontend/home/index', [...])
 6 SYSTEMPATH/CodeIgniter.php(927): App\Controllers\Home->index()
 7 SYSTEMPATH/CodeIgniter.php(482): CodeIgniter\CodeIgniter->runController(Object(App\Controllers\Home))
 8 SYSTEMPATH/CodeIgniter.php(351): CodeIgniter\CodeIgniter->handleRequest(null, Object(Config\Cache), false)
 9 FCPATH/index.php(67): CodeIgniter\CodeIgniter->run()
CRITICAL - 2022-12-19 02:46:36 --> Undefined variable $route
in APPPATH/Views/frontend/home/index.php on line 16.
 1 APPPATH/Views/frontend/home/index.php(16): CodeIgniter\Debug\Exceptions->errorHandler(2, 'Undefined variable $route', 'APPPATH/Views/frontend/home/index.php', 16)
 2 SYSTEMPATH/View/View.php(213): include('APPPATH/Views/frontend/home/index.php')
 3 SYSTEMPATH/View/View.php(216): CodeIgniter\View\View->CodeIgniter\View\{closure}()
 4 SYSTEMPATH/Common.php(1134): CodeIgniter\View\View->render('frontend/home/index', [], true)
 5 APPPATH/Controllers/Home.php(15): view('frontend/home/index', [...])
 6 SYSTEMPATH/CodeIgniter.php(927): App\Controllers\Home->index()
 7 SYSTEMPATH/CodeIgniter.php(482): CodeIgniter\CodeIgniter->runController(Object(App\Controllers\Home))
 8 SYSTEMPATH/CodeIgniter.php(351): CodeIgniter\CodeIgniter->handleRequest(null, Object(Config\Cache), false)
 9 FCPATH/index.php(67): CodeIgniter\CodeIgniter->run()
CRITICAL - 2022-12-19 02:47:14 --> Undefined variable $route
in APPPATH/Views/frontend/home/index.php on line 16.
 1 APPPATH/Views/frontend/home/index.php(16): CodeIgniter\Debug\Exceptions->errorHandler(2, 'Undefined variable $route', 'APPPATH/Views/frontend/home/index.php', 16)
 2 SYSTEMPATH/View/View.php(213): include('APPPATH/Views/frontend/home/index.php')
 3 SYSTEMPATH/View/View.php(216): CodeIgniter\View\View->CodeIgniter\View\{closure}()
 4 SYSTEMPATH/Common.php(1134): CodeIgniter\View\View->render('frontend/home/index', [], true)
 5 APPPATH/Controllers/Home.php(16): view('frontend/home/index', [...])
 6 SYSTEMPATH/CodeIgniter.php(927): App\Controllers\Home->index()
 7 SYSTEMPATH/CodeIgniter.php(482): CodeIgniter\CodeIgniter->runController(Object(App\Controllers\Home))
 8 SYSTEMPATH/CodeIgniter.php(351): CodeIgniter\CodeIgniter->handleRequest(null, Object(Config\Cache), false)
 9 FCPATH/index.php(67): CodeIgniter\CodeIgniter->run()
CRITICAL - 2022-12-19 02:47:19 --> Undefined variable $route
in APPPATH/Views/frontend/home/index.php on line 16.
 1 APPPATH/Views/frontend/home/index.php(16): CodeIgniter\Debug\Exceptions->errorHandler(2, 'Undefined variable $route', 'APPPATH/Views/frontend/home/index.php', 16)
 2 SYSTEMPATH/View/View.php(213): include('APPPATH/Views/frontend/home/index.php')
 3 SYSTEMPATH/View/View.php(216): CodeIgniter\View\View->CodeIgniter\View\{closure}()
 4 SYSTEMPATH/Common.php(1134): CodeIgniter\View\View->render('frontend/home/index', [], true)
 5 APPPATH/Controllers/Home.php(16): view('frontend/home/index', [...])
 6 SYSTEMPATH/CodeIgniter.php(927): App\Controllers\Home->index()
 7 SYSTEMPATH/CodeIgniter.php(482): CodeIgniter\CodeIgniter->runController(Object(App\Controllers\Home))
 8 SYSTEMPATH/CodeIgniter.php(351): CodeIgniter\CodeIgniter->handleRequest(null, Object(Config\Cache), false)
 9 FCPATH/index.php(67): CodeIgniter\CodeIgniter->run()
