CRITICAL - 2023-08-05 03:24:28 --> Trying to access array offset on value of type null
in APPPATH/Views/frontend/home/story.php on line 6.
 1 APPPATH/Views/frontend/home/story.php(6): CodeIgniter\Debug\Exceptions->errorHandler(2, 'Trying to access array offset on value of type null', 'APPPATH/Views/frontend/home/story.php', 6)
 2 SYSTEMPATH/View/View.php(213): include('APPPATH/Views/frontend/home/story.php')
 3 SYSTEMPATH/View/View.php(216): CodeIgniter\View\View->CodeIgniter\View\{closure}()
 4 SYSTEMPATH/Common.php(1134): CodeIgniter\View\View->render('frontend/home/story', [], true)
 5 APPPATH/Controllers/Home.php(111): view('frontend/home/story', [...])
 6 SYSTEMPATH/CodeIgniter.php(927): App\Controllers\Home->story('tweets.json')
 7 SYSTEMPATH/CodeIgniter.php(482): CodeIgniter\CodeIgniter->runController(Object(App\Controllers\Home))
 8 SYSTEMPATH/CodeIgniter.php(351): CodeIgniter\CodeIgniter->handleRequest(null, Object(Config\Cache), false)
 9 FCPATH/index.php(55): CodeIgniter\CodeIgniter->run()
CRITICAL - 2023-08-05 03:24:56 --> Trying to access array offset on value of type null
in APPPATH/Views/frontend/home/story.php on line 6.
 1 APPPATH/Views/frontend/home/story.php(6): CodeIgniter\Debug\Exceptions->errorHandler(2, 'Trying to access array offset on value of type null', 'APPPATH/Views/frontend/home/story.php', 6)
 2 SYSTEMPATH/View/View.php(213): include('APPPATH/Views/frontend/home/story.php')
 3 SYSTEMPATH/View/View.php(216): CodeIgniter\View\View->CodeIgniter\View\{closure}()
 4 SYSTEMPATH/Common.php(1134): CodeIgniter\View\View->render('frontend/home/story', [], true)
 5 APPPATH/Controllers/Home.php(111): view('frontend/home/story', [...])
 6 SYSTEMPATH/CodeIgniter.php(927): App\Controllers\Home->story('tweets.json')
 7 SYSTEMPATH/CodeIgniter.php(482): CodeIgniter\CodeIgniter->runController(Object(App\Controllers\Home))
 8 SYSTEMPATH/CodeIgniter.php(351): CodeIgniter\CodeIgniter->handleRequest(null, Object(Config\Cache), false)
 9 FCPATH/index.php(55): CodeIgniter\CodeIgniter->run()
CRITICAL - 2023-08-05 08:54:15 --> Trying to access array offset on value of type null
in APPPATH/Views/frontend/home/story.php on line 6.
 1 APPPATH/Views/frontend/home/story.php(6): CodeIgniter\Debug\Exceptions->errorHandler(2, 'Trying to access array offset on value of type null', 'APPPATH/Views/frontend/home/story.php', 6)
 2 SYSTEMPATH/View/View.php(213): include('APPPATH/Views/frontend/home/story.php')
 3 SYSTEMPATH/View/View.php(216): CodeIgniter\View\View->CodeIgniter\View\{closure}()
 4 SYSTEMPATH/Common.php(1134): CodeIgniter\View\View->render('frontend/home/story', [], true)
 5 APPPATH/Controllers/Home.php(111): view('frontend/home/story', [...])
 6 SYSTEMPATH/CodeIgniter.php(927): App\Controllers\Home->story('tweets.json')
 7 SYSTEMPATH/CodeIgniter.php(482): CodeIgniter\CodeIgniter->runController(Object(App\Controllers\Home))
 8 SYSTEMPATH/CodeIgniter.php(351): CodeIgniter\CodeIgniter->handleRequest(null, Object(Config\Cache), false)
 9 FCPATH/index.php(55): CodeIgniter\CodeIgniter->run()
CRITICAL - 2023-08-05 09:04:34 --> Trying to access array offset on value of type null
in APPPATH/Views/frontend/home/story.php on line 6.
 1 APPPATH/Views/frontend/home/story.php(6): CodeIgniter\Debug\Exceptions->errorHandler(2, 'Trying to access array offset on value of type null', 'APPPATH/Views/frontend/home/story.php', 6)
 2 SYSTEMPATH/View/View.php(213): include('APPPATH/Views/frontend/home/story.php')
 3 SYSTEMPATH/View/View.php(216): CodeIgniter\View\View->CodeIgniter\View\{closure}()
 4 SYSTEMPATH/Common.php(1134): CodeIgniter\View\View->render('frontend/home/story', [], true)
 5 APPPATH/Controllers/Home.php(112): view('frontend/home/story', [...])
 6 SYSTEMPATH/CodeIgniter.php(927): App\Controllers\Home->story('tweets.json')
 7 SYSTEMPATH/CodeIgniter.php(482): CodeIgniter\CodeIgniter->runController(Object(App\Controllers\Home))
 8 SYSTEMPATH/CodeIgniter.php(351): CodeIgniter\CodeIgniter->handleRequest(null, Object(Config\Cache), false)
 9 FCPATH/index.php(55): CodeIgniter\CodeIgniter->run()
CRITICAL - 2023-08-05 09:05:10 --> Trying to access array offset on value of type null
in APPPATH/Views/frontend/home/story.php on line 6.
 1 APPPATH/Views/frontend/home/story.php(6): CodeIgniter\Debug\Exceptions->errorHandler(2, 'Trying to access array offset on value of type null', 'APPPATH/Views/frontend/home/story.php', 6)
 2 SYSTEMPATH/View/View.php(213): include('APPPATH/Views/frontend/home/story.php')
 3 SYSTEMPATH/View/View.php(216): CodeIgniter\View\View->CodeIgniter\View\{closure}()
 4 SYSTEMPATH/Common.php(1134): CodeIgniter\View\View->render('frontend/home/story', [], true)
 5 APPPATH/Controllers/Home.php(112): view('frontend/home/story', [...])
 6 SYSTEMPATH/CodeIgniter.php(927): App\Controllers\Home->story('tweets.json')
 7 SYSTEMPATH/CodeIgniter.php(482): CodeIgniter\CodeIgniter->runController(Object(App\Controllers\Home))
 8 SYSTEMPATH/CodeIgniter.php(351): CodeIgniter\CodeIgniter->handleRequest(null, Object(Config\Cache), false)
 9 FCPATH/index.php(55): CodeIgniter\CodeIgniter->run()
